<?xml version="1.0" encoding="UTF-8"?>
<coverage generated="1683327520003" clover="3.2.0">
  <project timestamp="1683327520003" name="All files">
    <metrics statements="64" coveredstatements="41" conditionals="1" coveredconditionals="1" methods="37" coveredmethods="18" elements="102" coveredelements="60" complexity="0" loc="64" ncloc="64" packages="2" files="4" classes="4"/>
    <package name="back">
      <metrics statements="38" coveredstatements="29" conditionals="1" coveredconditionals="1" methods="23" coveredmethods="14"/>
      <file name="Correo.ts" path="C:\Users\andre\Documents\GitHub\WebMail-serverWeb-Typescript1\src\back\Correo.ts">
        <metrics statements="8" coveredstatements="6" conditionals="0" coveredconditionals="0" methods="5" coveredmethods="3"/>
        <line num="1" count="1" type="stmt"/>
        <line num="4" count="1" type="stmt"/>
        <line num="8" count="2" type="stmt"/>
        <line num="9" count="2" type="stmt"/>
        <line num="13" count="2" type="stmt"/>
        <line num="17" count="0" type="stmt"/>
        <line num="21" count="2" type="stmt"/>
        <line num="24" count="0" type="stmt"/>
      </file>
      <file name="CorreoBase.ts" path="C:\Users\andre\Documents\GitHub\WebMail-serverWeb-Typescript1\src\back\CorreoBase.ts">
        <metrics statements="10" coveredstatements="7" conditionals="0" coveredconditionals="0" methods="7" coveredmethods="4"/>
        <line num="3" count="1" type="stmt"/>
        <line num="9" count="2" type="stmt"/>
        <line num="10" count="2" type="stmt"/>
        <line num="11" count="2" type="stmt"/>
        <line num="15" count="2" type="stmt"/>
        <line num="19" count="0" type="stmt"/>
        <line num="23" count="2" type="stmt"/>
        <line num="27" count="0" type="stmt"/>
        <line num="31" count="2" type="stmt"/>
        <line num="35" count="0" type="stmt"/>
      </file>
      <file name="Usuario.ts" path="C:\Users\andre\Documents\GitHub\WebMail-serverWeb-Typescript1\src\back\Usuario.ts">
        <metrics statements="20" coveredstatements="16" conditionals="1" coveredconditionals="1" methods="11" coveredmethods="7"/>
        <line num="4" count="1" type="stmt"/>
        <line num="6" count="1" type="stmt"/>
        <line num="10" count="5" type="stmt"/>
        <line num="13" count="5" type="stmt"/>
        <line num="14" count="5" type="stmt"/>
        <line num="15" count="5" type="stmt"/>
        <line num="19" count="1" type="stmt"/>
        <line num="23" count="0" type="stmt"/>
        <line num="27" count="1" type="stmt"/>
        <line num="31" count="0" type="stmt"/>
        <line num="35" count="3" type="stmt"/>
        <line num="39" count="0" type="stmt"/>
        <line num="43" count="1" type="stmt"/>
        <line num="47" count="2" type="stmt"/>
        <line num="49" count="2" type="stmt"/>
        <line num="50" count="2" type="cond" truecount="1" falsecount="0"/>
        <line num="51" count="2" type="stmt"/>
        <line num="55" count="2" type="stmt"/>
        <line num="58" count="1" type="stmt"/>
        <line num="62" count="0" type="stmt"/>
      </file>
    </package>
    <package name="back.bandejas">
      <metrics statements="26" coveredstatements="12" conditionals="0" coveredconditionals="0" methods="14" coveredmethods="4"/>
      <file name="ContenedorDeCorreos.ts" path="C:\Users\andre\Documents\GitHub\WebMail-serverWeb-Typescript1\src\back\bandejas\ContenedorDeCorreos.ts">
        <metrics statements="26" coveredstatements="12" conditionals="0" coveredconditionals="0" methods="14" coveredmethods="4"/>
        <line num="5" count="1" type="stmt"/>
        <line num="10" count="1" type="stmt"/>
        <line num="12" count="5" type="stmt"/>
        <line num="13" count="5" type="stmt"/>
        <line num="14" count="5" type="stmt"/>
        <line num="23" count="4" type="stmt"/>
        <line num="29" count="4" type="stmt"/>
        <line num="30" count="4" type="stmt"/>
        <line num="35" count="0" type="stmt"/>
        <line num="36" count="0" type="stmt"/>
        <line num="42" count="0" type="stmt"/>
        <line num="46" count="1" type="stmt"/>
        <line num="47" count="1" type="stmt"/>
        <line num="48" count="2" type="stmt"/>
        <line num="50" count="1" type="stmt"/>
        <line num="53" count="0" type="stmt"/>
        <line num="54" count="0" type="stmt"/>
        <line num="58" count="0" type="stmt"/>
        <line num="59" count="0" type="stmt"/>
        <line num="65" count="0" type="stmt"/>
        <line num="66" count="0" type="stmt"/>
        <line num="71" count="0" type="stmt"/>
        <line num="75" count="0" type="stmt"/>
        <line num="76" count="0" type="stmt"/>
        <line num="77" count="0" type="stmt"/>
        <line num="79" count="0" type="stmt"/>
      </file>
    </package>
  </project>
</coverage>
