TN:
SF:src\back\Correo.ts
FN:7,(anonymous_0)
FN:12,(anonymous_1)
FN:16,(anonymous_2)
FN:20,(anonymous_3)
FN:23,(anonymous_4)
FNF:5
FNH:3
FNDA:2,(anonymous_0)
FNDA:2,(anonymous_1)
FNDA:0,(anonymous_2)
FNDA:2,(anonymous_3)
FNDA:0,(anonymous_4)
DA:1,1
DA:4,1
DA:8,2
DA:9,2
DA:13,2
DA:17,0
DA:21,2
DA:24,0
LF:8
LH:6
BRF:0
BRH:0
end_of_record
TN:
SF:src\back\CorreoBase.ts
FN:8,(anonymous_0)
FN:14,(anonymous_1)
FN:18,(anonymous_2)
FN:22,(anonymous_3)
FN:26,(anonymous_4)
FN:30,(anonymous_5)
FN:34,(anonymous_6)
FNF:7
FNH:4
FNDA:2,(anonymous_0)
FNDA:2,(anonymous_1)
FNDA:0,(anonymous_2)
FNDA:2,(anonymous_3)
FNDA:0,(anonymous_4)
FNDA:2,(anonymous_5)
FNDA:0,(anonymous_6)
DA:3,1
DA:9,2
DA:10,2
DA:11,2
DA:15,2
DA:19,0
DA:23,2
DA:27,0
DA:31,2
DA:35,0
LF:10
LH:7
BRF:0
BRH:0
end_of_record
TN:
SF:src\back\Usuario.ts
FN:12,(anonymous_0)
FN:18,(anonymous_1)
FN:22,(anonymous_2)
FN:26,(anonymous_3)
FN:30,(anonymous_4)
FN:34,(anonymous_5)
FN:38,(anonymous_6)
FN:42,(anonymous_7)
FN:46,(anonymous_8)
FN:57,(anonymous_9)
FN:61,(anonymous_10)
FNF:11
FNH:7
FNDA:5,(anonymous_0)
FNDA:1,(anonymous_1)
FNDA:0,(anonymous_2)
FNDA:1,(anonymous_3)
FNDA:0,(anonymous_4)
FNDA:3,(anonymous_5)
FNDA:0,(anonymous_6)
FNDA:1,(anonymous_7)
FNDA:2,(anonymous_8)
FNDA:1,(anonymous_9)
FNDA:0,(anonymous_10)
DA:4,1
DA:6,1
DA:10,5
DA:13,5
DA:14,5
DA:15,5
DA:19,1
DA:23,0
DA:27,1
DA:31,0
DA:35,3
DA:39,0
DA:43,1
DA:47,2
DA:49,2
DA:50,2
DA:51,2
DA:55,2
DA:58,1
DA:62,0
LF:20
LH:16
BRDA:50,0,0,2
BRF:1
BRH:1
end_of_record
TN:
SF:src\back\bandejas\ContenedorDeCorreos.ts
FN:16,(anonymous_0)
FN:21,(anonymous_1)
FN:27,(anonymous_2)
FN:33,(anonymous_3)
FN:40,(anonymous_4)
FN:45,(anonymous_5)
FN:52,(anonymous_6)
FN:57,(anonymous_7)
FN:58,(anonymous_8)
FN:64,(anonymous_9)
FN:65,(anonymous_10)
FN:70,(anonymous_11)
FN:71,(anonymous_12)
FN:74,(anonymous_13)
FNF:14
FNH:4
FNDA:5,(anonymous_0)
FNDA:4,(anonymous_1)
FNDA:4,(anonymous_2)
FNDA:0,(anonymous_3)
FNDA:0,(anonymous_4)
FNDA:1,(anonymous_5)
FNDA:0,(anonymous_6)
FNDA:0,(anonymous_7)
FNDA:0,(anonymous_8)
FNDA:0,(anonymous_9)
FNDA:0,(anonymous_10)
FNDA:0,(anonymous_11)
FNDA:0,(anonymous_12)
FNDA:0,(anonymous_13)
DA:5,1
DA:10,1
DA:12,5
DA:13,5
DA:14,5
DA:23,4
DA:29,4
DA:30,4
DA:35,0
DA:36,0
DA:42,0
DA:46,1
DA:47,1
DA:48,2
DA:50,1
DA:53,0
DA:54,0
DA:58,0
DA:59,0
DA:65,0
DA:66,0
DA:71,0
DA:75,0
DA:76,0
DA:77,0
DA:79,0
LF:26
LH:12
BRF:0
BRH:0
end_of_record
